\BOOKMARK [0][-]{chapter*.1}{\376\377\005\352\005\347\005\346\005\331\005\350}{}% 1
\BOOKMARK [0][-]{chapter*.2}{\376\377\000A\000b\000s\000t\000r\000a\000c\000t}{}% 2
\BOOKMARK [0][-]{chapter*.3}{\376\377\000K\000e\000y\000w\000o\000r\000d\000s}{}% 3
\BOOKMARK [0][-]{chapter*.7}{\376\377\000A\000b\000b\000r\000e\000v\000i\000a\000t\000i\000o\000n\000s}{}% 4
\BOOKMARK [0][-]{chapter*.8}{\376\377\000N\000o\000t\000a\000t\000i\000o\000n\000\040\000a\000n\000d\000\040\000S\000y\000m\000b\000o\000l\000s}{}% 5
\BOOKMARK [0][-]{chapter.1}{\376\377\000I\000n\000t\000r\000o\000d\000u\000c\000t\000i\000o\000n}{}% 6
\BOOKMARK [1][-]{section.1.1}{\376\377\000M\000o\000t\000i\000v\000a\000t\000i\000o\000n\000:\000\040\000I\000r\000r\000e\000g\000u\000l\000a\000r\000\040\000I\000C\000U\000\040\000T\000i\000m\000e\000-\000S\000e\000r\000i\000e\000s\000\040\000A\000n\000a\000l\000y\000s\000i\000s}{chapter.1}% 7
\BOOKMARK [1][-]{section.1.2}{\376\377\000T\000h\000e\000s\000i\000s\000\040\000G\000a\000p\000\040\000a\000n\000d\000\040\000O\000b\000j\000e\000c\000t\000i\000v\000e}{chapter.1}% 8
\BOOKMARK [1][-]{section.1.3}{\376\377\000R\000e\000s\000e\000a\000r\000c\000h\000\040\000Q\000u\000e\000s\000t\000i\000o\000n\000s\000\040\000a\000n\000d\000\040\000C\000o\000n\000t\000r\000i\000b\000u\000t\000i\000o\000n\000s}{chapter.1}% 9
\BOOKMARK [1][-]{section.1.4}{\376\377\000T\000h\000e\000s\000i\000s\000\040\000O\000r\000g\000a\000n\000i\000z\000a\000t\000i\000o\000n}{chapter.1}% 10
\BOOKMARK [0][-]{chapter.2}{\376\377\000B\000a\000c\000k\000g\000r\000o\000u\000n\000d\000\040\000a\000n\000d\000\040\000R\000e\000l\000a\000t\000e\000d\000\040\000W\000o\000r\000k}{}% 11
\BOOKMARK [1][-]{section.2.1}{\376\377\000I\000C\000U\000\040\000E\000H\000R\000\040\000D\000a\000t\000a\000s\000e\000t\000s\000\040\000a\000n\000d\000\040\000I\000r\000r\000e\000g\000u\000l\000a\000r\000\040\000S\000a\000m\000p\000l\000i\000n\000g}{chapter.2}% 12
\BOOKMARK [2][-]{subsection.2.1.1}{\376\377\000C\000r\000i\000t\000i\000c\000a\000l\000-\000c\000a\000r\000e\000\040\000E\000H\000R\000\040\000t\000i\000m\000e\000\040\000s\000e\000r\000i\000e\000s}{section.2.1}% 13
\BOOKMARK [2][-]{subsection.2.1.2}{\376\377\000P\000h\000y\000s\000i\000o\000N\000e\000t\000/\000C\000o\000m\000p\000u\000t\000i\000n\000g\000\040\000i\000n\000\040\000C\000a\000r\000d\000i\000o\000l\000o\000g\000y\000\040\000C\000h\000a\000l\000l\000e\000n\000g\000e\000\040\0002\0000\0001\0002}{section.2.1}% 14
\BOOKMARK [2][-]{subsection.2.1.3}{\376\377\000M\000I\000M\000I\000C\000-\000I\000I\000I\000\040\000a\000n\000d\000\040\000b\000e\000n\000c\000h\000m\000a\000r\000k\000\040\000r\000e\000s\000e\000a\000r\000c\000h}{section.2.1}% 15
\BOOKMARK [2][-]{subsection.2.1.4}{\376\377\000D\000a\000t\000a\000s\000e\000t\000\040\000d\000i\000f\000f\000e\000r\000e\000n\000c\000e\000s\000\040\000r\000e\000l\000e\000v\000a\000n\000t\000\040\000t\000o\000\040\000t\000h\000i\000s\000\040\000t\000h\000e\000s\000i\000s}{section.2.1}% 16
\BOOKMARK [1][-]{section.2.2}{\376\377\000I\000r\000r\000e\000g\000u\000l\000a\000r\000\040\000T\000i\000m\000e\000-\000S\000e\000r\000i\000e\000s\000\040\000R\000e\000p\000r\000e\000s\000e\000n\000t\000a\000t\000i\000o\000n\000\040\000M\000o\000d\000e\000l\000s}{chapter.2}% 17
\BOOKMARK [2][-]{subsection.2.2.1}{\376\377\000R\000e\000p\000r\000e\000s\000e\000n\000t\000a\000t\000i\000o\000n\000\040\000c\000h\000a\000l\000l\000e\000n\000g\000e\000s\000\040\000a\000n\000d\000\040\000d\000e\000s\000i\000g\000n\000\040\000c\000h\000o\000i\000c\000e\000s}{section.2.2}% 18
\BOOKMARK [2][-]{subsection.2.2.2}{\376\377\000R\000e\000c\000u\000r\000r\000e\000n\000t\000\040\000b\000a\000s\000e\000l\000i\000n\000e\000s\000:\000\040\000G\000R\000U\000\040\000a\000n\000d\000\040\000G\000R\000U\000-\000D}{section.2.2}% 19
\BOOKMARK [2][-]{subsection.2.2.3}{\376\377\000T\000e\000m\000p\000o\000r\000a\000l\000\040\000c\000o\000n\000v\000o\000l\000u\000t\000i\000o\000n\000:\000\040\000T\000C\000N}{section.2.2}% 20
\BOOKMARK [2][-]{subsection.2.2.4}{\376\377\000A\000t\000t\000e\000n\000t\000i\000o\000n\000-\000b\000a\000s\000e\000d\000\040\000d\000e\000n\000s\000e\000\040\000m\000o\000d\000e\000l\000i\000n\000g\000:\000\040\000S\000A\000n\000D}{section.2.2}% 21
\BOOKMARK [2][-]{subsection.2.2.5}{\376\377\000S\000p\000a\000r\000s\000e\000-\000e\000v\000e\000n\000t\000\040\000t\000r\000a\000n\000s\000f\000o\000r\000m\000e\000r\000\040\000m\000o\000d\000e\000l\000i\000n\000g\000:\000\040\000S\000T\000r\000a\000T\000S}{section.2.2}% 22
\BOOKMARK [2][-]{subsection.2.2.6}{\376\377\000R\000e\000l\000a\000t\000i\000o\000n\000s\000h\000i\000p\000\040\000a\000m\000o\000n\000g\000\040\000t\000h\000e\000\040\000f\000i\000v\000e\000\040\000i\000n\000c\000l\000u\000d\000e\000d\000\040\000f\000a\000m\000i\000l\000i\000e\000s}{section.2.2}% 23
\BOOKMARK [1][-]{section.2.3}{\376\377\000P\000r\000o\000x\000y\000\040\000P\000h\000e\000n\000o\000t\000y\000p\000i\000n\000g\000\040\000a\000n\000d\000\040\000W\000e\000a\000k\000\040\000S\000u\000p\000e\000r\000v\000i\000s\000i\000o\000n}{chapter.2}% 24
\BOOKMARK [2][-]{subsection.2.3.1}{\376\377\000E\000l\000e\000c\000t\000r\000o\000n\000i\000c\000\040\000p\000h\000e\000n\000o\000t\000y\000p\000i\000n\000g\000\040\000a\000n\000d\000\040\000r\000u\000l\000e\000-\000d\000e\000r\000i\000v\000e\000d\000\040\000l\000a\000b\000e\000l\000s}{section.2.3}% 25
\BOOKMARK [2][-]{subsection.2.3.2}{\376\377\000C\000l\000i\000n\000i\000c\000a\000l\000-\000d\000e\000f\000i\000n\000i\000t\000i\000o\000n\000\040\000s\000o\000u\000r\000c\000e\000s\000\040\000a\000n\000d\000\040\000a\000p\000p\000r\000o\000x\000i\000m\000a\000t\000i\000o\000n}{section.2.3}% 26
\BOOKMARK [2][-]{subsection.2.3.3}{\376\377\000W\000e\000a\000k\000\040\000s\000u\000p\000e\000r\000v\000i\000s\000i\000o\000n\000\040\000a\000n\000d\000\040\000l\000a\000b\000e\000l\000\040\000a\000g\000g\000r\000e\000g\000a\000t\000i\000o\000n}{section.2.3}% 27
\BOOKMARK [2][-]{subsection.2.3.4}{\376\377\000I\000m\000p\000l\000i\000c\000a\000t\000i\000o\000n\000s\000\040\000f\000o\000r\000\040\000t\000h\000i\000s\000\040\000t\000h\000e\000s\000i\000s\000'\000s\000\040\000p\000r\000o\000x\000y\000\040\000s\000t\000a\000t\000e\000s}{section.2.3}% 28
\BOOKMARK [1][-]{section.2.4}{\376\377\000C\000a\000u\000s\000a\000l\000\040\000D\000i\000a\000g\000r\000a\000m\000s\000,\000\040\000I\000d\000e\000n\000t\000i\000f\000i\000c\000a\000t\000i\000o\000n\000,\000\040\000H\000T\000E\000,\000\040\000O\000v\000e\000r\000l\000a\000p\000,\000\040\000a\000n\000d\000\040\000S\000e\000n\000s\000i\000t\000i\000v\000i\000t\000y}{chapter.2}% 29
\BOOKMARK [2][-]{subsection.2.4.1}{\376\377\000O\000b\000s\000e\000r\000v\000a\000t\000i\000o\000n\000a\000l\000\040\000c\000a\000u\000s\000a\000l\000\040\000q\000u\000e\000s\000t\000i\000o\000n\000s\000\040\000a\000n\000d\000\040\000t\000a\000r\000g\000e\000t\000-\000t\000r\000i\000a\000l\000\040\000t\000h\000i\000n\000k\000i\000n\000g}{section.2.4}% 30
\BOOKMARK [2][-]{subsection.2.4.2}{\376\377\000D\000A\000G\000s\000,\000\040\000b\000a\000c\000k\000d\000o\000o\000r\000\040\000r\000e\000a\000s\000o\000n\000i\000n\000g\000,\000\040\000a\000n\000d\000\040\000a\000d\000j\000u\000s\000t\000m\000e\000n\000t}{section.2.4}% 31
\BOOKMARK [2][-]{subsection.2.4.3}{\376\377\000D\000o\000u\000b\000l\000e\000\040\000m\000a\000c\000h\000i\000n\000e\000\040\000l\000e\000a\000r\000n\000i\000n\000g}{section.2.4}% 32
\BOOKMARK [2][-]{subsection.2.4.4}{\376\377\000C\000a\000u\000s\000a\000l\000\040\000f\000o\000r\000e\000s\000t\000s\000\040\000a\000n\000d\000\040\000h\000e\000t\000e\000r\000o\000g\000e\000n\000e\000o\000u\000s\000\040\000e\000f\000f\000e\000c\000t\000s}{section.2.4}% 33
\BOOKMARK [2][-]{subsection.2.4.5}{\376\377\000H\000T\000E\000\040\000i\000n\000\040\000E\000H\000R\000\040\000a\000n\000d\000\040\000c\000r\000i\000t\000i\000c\000a\000l\000\040\000c\000a\000r\000e}{section.2.4}% 34
\BOOKMARK [2][-]{subsection.2.4.6}{\376\377\000O\000v\000e\000r\000l\000a\000p\000\040\000a\000n\000d\000\040\000e\000m\000p\000i\000r\000i\000c\000a\000l\000\040\000s\000u\000p\000p\000o\000r\000t}{section.2.4}% 35
\BOOKMARK [2][-]{subsection.2.4.7}{\376\377\000O\000m\000i\000t\000t\000e\000d\000-\000v\000a\000r\000i\000a\000b\000l\000e\000\040\000s\000e\000n\000s\000i\000t\000i\000v\000i\000t\000y\000\040\000a\000n\000d\000\040\000d\000i\000a\000g\000n\000o\000s\000t\000i\000c\000\040\000w\000o\000r\000k\000f\000l\000o\000w\000s}{section.2.4}% 36
\BOOKMARK [2][-]{subsection.2.4.8}{\376\377\000P\000o\000s\000i\000t\000i\000o\000n\000i\000n\000g\000\040\000o\000f\000\040\000t\000h\000e\000\040\000p\000r\000e\000s\000e\000n\000t\000\040\000s\000t\000u\000d\000y}{section.2.4}% 37
\BOOKMARK [0][-]{chapter.3}{\376\377\000P\000r\000o\000b\000l\000e\000m\000\040\000D\000e\000f\000i\000n\000i\000t\000i\000o\000n\000\040\000a\000n\000d\000\040\000S\000t\000u\000d\000y\000\040\000D\000e\000s\000i\000g\000n}{}% 38
\BOOKMARK [1][-]{section.3.1}{\376\377\000U\000n\000i\000t\000s\000,\000\040\000T\000i\000m\000e\000\040\000H\000o\000r\000i\000z\000o\000n\000s\000,\000\040\000a\000n\000d\000\040\000D\000a\000t\000a\000\040\000O\000b\000j\000e\000c\000t\000s}{chapter.3}% 39
\BOOKMARK [1][-]{section.3.2}{\376\377\000P\000r\000e\000d\000i\000c\000t\000i\000o\000n\000\040\000T\000a\000s\000k}{chapter.3}% 40
\BOOKMARK [1][-]{section.3.3}{\376\377\000C\000a\000u\000s\000a\000l\000\040\000Q\000u\000e\000s\000t\000i\000o\000n\000,\000\040\000E\000x\000p\000o\000s\000u\000r\000e\000s\000,\000\040\000O\000u\000t\000c\000o\000m\000e\000,\000\040\000E\000s\000t\000i\000m\000a\000n\000d\000s\000,\000\040\000A\000s\000s\000u\000m\000p\000t\000i\000o\000n\000s}{chapter.3}% 41
\BOOKMARK [0][-]{chapter.4}{\376\377\000D\000a\000t\000a\000\040\000a\000n\000d\000\040\000P\000r\000e\000p\000r\000o\000c\000e\000s\000s\000i\000n\000g}{}% 42
\BOOKMARK [1][-]{section.4.1}{\376\377\000P\000h\000y\000s\000i\000o\000N\000e\000t\000\040\0002\0000\0001\0002\000\040\000P\000i\000p\000e\000l\000i\000n\000e}{chapter.4}% 43
\BOOKMARK [1][-]{section.4.2}{\376\377\000M\000I\000M\000I\000C\000-\000I\000I\000I\000\040\000P\000i\000p\000e\000l\000i\000n\000e}{chapter.4}% 44
\BOOKMARK [1][-]{section.4.3}{\376\377\000S\000T\000r\000a\000T\000S\000\040\000S\000p\000l\000i\000t\000-\000A\000w\000a\000r\000e\000\040\000A\000r\000t\000i\000f\000a\000c\000t\000s\000\040\000V\000e\000r\000s\000u\000s\000\040\000C\000a\000u\000s\000a\000l\000\040\000A\000r\000t\000i\000f\000a\000c\000t\000s}{chapter.4}% 45
\BOOKMARK [0][-]{chapter.5}{\376\377\000C\000l\000i\000n\000i\000c\000a\000l\000\040\000P\000r\000o\000x\000y\000-\000S\000t\000a\000t\000e\000\040\000C\000o\000n\000s\000t\000r\000u\000c\000t\000i\000o\000n}{}% 46
\BOOKMARK [1][-]{section.5.1}{\376\377\000R\000a\000t\000i\000o\000n\000a\000l\000e\000\040\000a\000n\000d\000\040\000T\000e\000r\000m\000i\000n\000o\000l\000o\000g\000y}{chapter.5}% 47
\BOOKMARK [2][-]{subsection.5.1.1}{\376\377\000L\000L\000M\000-\000A\000s\000s\000i\000s\000t\000e\000d\000\040\000O\000n\000t\000o\000l\000o\000g\000y\000\040\000a\000n\000d\000\040\000R\000u\000l\000e\000\040\000E\000l\000i\000c\000i\000t\000a\000t\000i\000o\000n}{section.5.1}% 48
\BOOKMARK [1][-]{section.5.2}{\376\377\000P\000h\000y\000s\000i\000o\000N\000e\000t\000\040\000P\000r\000o\000x\000y\000-\000S\000t\000a\000t\000e\000\040\000R\000u\000l\000e\000s}{chapter.5}% 49
\BOOKMARK [1][-]{section.5.3}{\376\377\000M\000I\000M\000I\000C\000\040\000P\000r\000o\000x\000y\000-\000S\000t\000a\000t\000e\000\040\000R\000u\000l\000e\000s\000\040\000a\000n\000d\000\040\000V\000a\000l\000i\000d\000a\000t\000i\000o\000n\000\040\000A\000r\000t\000i\000f\000a\000c\000t\000s}{chapter.5}% 50
\BOOKMARK [1][-]{section.5.4}{\376\377\000P\000r\000e\000d\000i\000c\000t\000e\000d\000\040\000a\000n\000d\000\040\000M\000a\000j\000o\000r\000i\000t\000y\000-\000V\000o\000t\000e\000\040\000P\000r\000o\000x\000y\000\040\000S\000t\000a\000t\000e\000s}{chapter.5}% 51
\BOOKMARK [0][-]{chapter.6}{\376\377\000P\000r\000e\000d\000i\000c\000t\000i\000v\000e\000\040\000M\000o\000d\000e\000l\000i\000n\000g\000\040\000o\000f\000\040\000P\000r\000o\000x\000y\000\040\000S\000t\000a\000t\000e\000s}{}% 52
\BOOKMARK [1][-]{section.6.1}{\376\377\000S\000e\000l\000f\000-\000S\000u\000p\000e\000r\000v\000i\000s\000e\000d\000\040\000S\000T\000r\000a\000T\000S\000\040\000P\000r\000e\000t\000r\000a\000i\000n\000i\000n\000g}{chapter.6}% 53
\BOOKMARK [1][-]{section.6.2}{\376\377\000S\000u\000p\000e\000r\000v\000i\000s\000e\000d\000\040\000M\000u\000l\000t\000i\000-\000L\000a\000b\000e\000l\000\040\000M\000o\000d\000e\000l\000s}{chapter.6}% 54
\BOOKMARK [1][-]{section.6.3}{\376\377\000P\000r\000e\000d\000i\000c\000t\000i\000o\000n\000\040\000E\000x\000p\000o\000r\000t\000\040\000a\000n\000d\000\040\000N\000o\000r\000m\000a\000l\000i\000z\000a\000t\000i\000o\000n}{chapter.6}% 55
\BOOKMARK [0][-]{chapter.7}{\376\377\000C\000a\000u\000s\000a\000l\000\040\000G\000r\000a\000p\000h\000\040\000a\000n\000d\000\040\000E\000f\000f\000e\000c\000t\000-\000E\000s\000t\000i\000m\000a\000t\000i\000o\000n\000\040\000M\000e\000t\000h\000o\000d\000o\000l\000o\000g\000y}{}% 56
\BOOKMARK [1][-]{section.7.1}{\376\377\000D\000a\000t\000a\000s\000e\000t\000-\000S\000p\000e\000c\000i\000f\000i\000c\000\040\000D\000A\000G\000s}{chapter.7}% 57
\BOOKMARK [1][-]{section.7.2}{\376\377\000A\000d\000j\000u\000s\000t\000m\000e\000n\000t\000-\000S\000e\000t\000\040\000L\000o\000g\000i\000c}{chapter.7}% 58
\BOOKMARK [1][-]{section.7.3}{\376\377\000M\000a\000t\000c\000h\000i\000n\000g\000\040\000a\000n\000d\000\040\000H\000e\000t\000e\000r\000o\000g\000e\000n\000e\000o\000u\000s\000-\000E\000f\000f\000e\000c\000t\000\040\000E\000s\000t\000i\000m\000a\000t\000o\000r\000s}{chapter.7}% 59
\BOOKMARK [0][-]{chapter.8}{\376\377\000R\000o\000b\000u\000s\000t\000n\000e\000s\000s\000,\000\040\000S\000e\000n\000s\000i\000t\000i\000v\000i\000t\000y\000,\000\040\000a\000n\000d\000\040\000V\000a\000l\000i\000d\000a\000t\000i\000o\000n\000\040\000D\000e\000s\000i\000g\000n}{}% 60
\BOOKMARK [1][-]{section.8.1}{\376\377\000O\000v\000e\000r\000l\000a\000p\000\040\000a\000n\000d\000\040\000S\000u\000p\000p\000o\000r\000t\000\040\000D\000i\000a\000g\000n\000o\000s\000t\000i\000c\000s}{chapter.8}% 61
\BOOKMARK [1][-]{section.8.2}{\376\377\000S\000e\000n\000s\000i\000t\000i\000v\000i\000t\000y\000\040\000a\000n\000d\000\040\000R\000o\000b\000u\000s\000t\000n\000e\000s\000s\000\040\000V\000a\000l\000u\000e\000s}{chapter.8}% 62
\BOOKMARK [1][-]{section.8.3}{\376\377\000P\000e\000r\000m\000u\000t\000a\000t\000i\000o\000n\000\040\000C\000h\000e\000c\000k\000s\000\040\000a\000n\000d\000\040\000R\000e\000p\000r\000o\000d\000u\000c\000i\000b\000i\000l\000i\000t\000y\000\040\000V\000a\000l\000i\000d\000a\000t\000i\000o\000n}{chapter.8}% 63
\BOOKMARK [0][-]{chapter.9}{\376\377\000E\000x\000p\000e\000r\000i\000m\000e\000n\000t\000a\000l\000\040\000D\000e\000s\000i\000g\000n}{}% 64
\BOOKMARK [1][-]{section.9.1}{\376\377\000P\000r\000e\000d\000i\000c\000t\000i\000o\000n\000\040\000E\000x\000p\000e\000r\000i\000m\000e\000n\000t\000\040\000M\000a\000t\000r\000i\000x}{chapter.9}% 65
\BOOKMARK [1][-]{section.9.2}{\376\377\000C\000a\000u\000s\000a\000l\000\040\000E\000x\000p\000e\000r\000i\000m\000e\000n\000t\000\040\000M\000a\000t\000r\000i\000x}{chapter.9}% 66
\BOOKMARK [1][-]{section.9.3}{\376\377\000C\000o\000m\000p\000u\000t\000a\000t\000i\000o\000n\000a\000l\000\040\000E\000n\000v\000i\000r\000o\000n\000m\000e\000n\000t\000\040\000a\000n\000d\000\040\000R\000e\000p\000r\000o\000d\000u\000c\000i\000b\000i\000l\000i\000t\000y}{chapter.9}% 67
\BOOKMARK [1][-]{section.9.4}{\376\377\000E\000v\000a\000l\000u\000a\000t\000i\000o\000n\000\040\000a\000n\000d\000\040\000R\000e\000s\000u\000l\000t\000-\000S\000e\000l\000e\000c\000t\000i\000o\000n\000\040\000P\000o\000l\000i\000c\000y}{chapter.9}% 68
\BOOKMARK [0][-]{chapter.10}{\376\377\000R\000e\000s\000u\000l\000t\000s}{}% 69
\BOOKMARK [1][-]{section.10.1}{\376\377\000A\000n\000a\000l\000y\000s\000i\000s\000-\000P\000o\000p\000u\000l\000a\000t\000i\000o\000n\000\040\000C\000o\000u\000n\000t\000s}{chapter.10}% 70
\BOOKMARK [1][-]{section.10.2}{\376\377\000P\000r\000e\000d\000i\000c\000t\000i\000v\000e\000\040\000P\000e\000r\000f\000o\000r\000m\000a\000n\000c\000e}{chapter.10}% 71
\BOOKMARK [1][-]{section.10.3}{\376\377\000P\000r\000i\000m\000a\000r\000y\000\040\000C\000a\000u\000s\000a\000l\000F\000o\000r\000e\000s\000t\000D\000M\000L\000\040\000R\000e\000s\000u\000l\000t\000s}{chapter.10}% 72
\BOOKMARK [1][-]{section.10.4}{\376\377\000M\000a\000t\000c\000h\000i\000n\000g\000\040\000a\000n\000d\000\040\000E\000m\000p\000i\000r\000i\000c\000a\000l\000\040\000S\000u\000p\000p\000o\000r\000t}{chapter.10}% 73
\BOOKMARK [1][-]{section.10.5}{\376\377\000L\000i\000n\000e\000a\000r\000D\000M\000L\000\040\000C\000o\000m\000p\000a\000r\000i\000s\000o\000n}{chapter.10}% 74
\BOOKMARK [1][-]{section.10.6}{\376\377\000C\000a\000u\000s\000a\000l\000P\000F\000N\000\040\000E\000x\000p\000l\000o\000r\000a\000t\000o\000r\000y\000\040\000R\000e\000s\000u\000l\000t\000s}{chapter.10}% 75
\BOOKMARK [1][-]{section.10.7}{\376\377\000C\000r\000o\000s\000s\000-\000D\000a\000t\000a\000s\000e\000t\000\040\000C\000o\000m\000p\000a\000r\000i\000s\000o\000n}{chapter.10}% 76
\BOOKMARK [1][-]{section.10.8}{\376\377\000R\000o\000b\000u\000s\000t\000n\000e\000s\000s\000\040\000a\000n\000d\000\040\000S\000e\000n\000s\000i\000t\000i\000v\000i\000t\000y}{chapter.10}% 77
\BOOKMARK [2][-]{subsection.10.8.1}{\376\377\000O\000u\000t\000c\000o\000m\000e\000-\000d\000o\000w\000n\000s\000a\000m\000p\000l\000e\000d\000\040\000a\000n\000a\000l\000y\000s\000e\000s}{section.10.8}% 78
\BOOKMARK [2][-]{subsection.10.8.2}{\376\377\000S\000e\000n\000s\000i\000t\000i\000v\000i\000t\000y\000,\000\040\000p\000e\000r\000m\000u\000t\000a\000t\000i\000o\000n\000,\000\040\000a\000n\000d\000\040\000s\000u\000p\000p\000o\000r\000t\000\040\000d\000i\000a\000g\000n\000o\000s\000t\000i\000c\000s}{section.10.8}% 79
\BOOKMARK [2][-]{subsection.10.8.3}{\376\377\000R\000e\000s\000u\000l\000t\000\040\000p\000r\000o\000v\000e\000n\000a\000n\000c\000e\000\040\000b\000o\000u\000n\000d\000a\000r\000y}{section.10.8}% 80
\BOOKMARK [0][-]{chapter.11}{\376\377\000D\000i\000s\000c\000u\000s\000s\000i\000o\000n}{}% 81
\BOOKMARK [1][-]{section.11.1}{\376\377\000A\000n\000s\000w\000e\000r\000i\000n\000g\000\040\000t\000h\000e\000\040\000R\000e\000s\000e\000a\000r\000c\000h\000\040\000Q\000u\000e\000s\000t\000i\000o\000n\000s}{chapter.11}% 82
\BOOKMARK [2][-]{subsection.11.1.1}{\376\377\000M\000a\000i\000n\000\040\000R\000e\000s\000e\000a\000r\000c\000h\000\040\000Q\000u\000e\000s\000t\000i\000o\000n}{section.11.1}% 83
\BOOKMARK [2][-]{subsection.11.1.2}{\376\377\000D\000a\000t\000a\000\040\000C\000o\000n\000t\000r\000a\000c\000t\000s\000\040\000a\000n\000d\000\040\000E\000n\000d\000-\000t\000o\000-\000E\000n\000d\000\040\000P\000i\000p\000e\000l\000i\000n\000e\000\040\000I\000n\000t\000e\000g\000r\000a\000t\000i\000o\000n}{section.11.1}% 84
\BOOKMARK [2][-]{subsection.11.1.3}{\376\377\000P\000r\000o\000x\000y\000-\000S\000t\000a\000t\000e\000\040\000C\000o\000n\000s\000t\000r\000u\000c\000t\000i\000o\000n\000,\000\040\000P\000r\000e\000d\000i\000c\000t\000i\000o\000n\000,\000\040\000a\000n\000d\000\040\000A\000g\000g\000r\000e\000g\000a\000t\000i\000o\000n}{section.11.1}% 85
\BOOKMARK [2][-]{subsection.11.1.4}{\376\377\000A\000d\000j\000u\000s\000t\000e\000d\000\040\000E\000f\000f\000e\000c\000t\000\040\000E\000s\000t\000i\000m\000a\000t\000i\000o\000n\000\040\000a\000n\000d\000\040\000E\000s\000t\000i\000m\000a\000t\000o\000r\000\040\000A\000g\000r\000e\000e\000m\000e\000n\000t}{section.11.1}% 86
\BOOKMARK [2][-]{subsection.11.1.5}{\376\377\000C\000r\000o\000s\000s\000-\000D\000a\000t\000a\000s\000e\000t\000\040\000I\000n\000t\000e\000r\000p\000r\000e\000t\000a\000t\000i\000o\000n\000\040\000a\000n\000d\000\040\000R\000o\000b\000u\000s\000t\000n\000e\000s\000s}{section.11.1}% 87
\BOOKMARK [2][-]{subsection.11.1.6}{\376\377\000R\000e\000l\000a\000t\000i\000o\000n\000s\000h\000i\000p\000\040\000t\000o\000\040\000P\000r\000i\000o\000r\000\040\000W\000o\000r\000k\000\040\000a\000n\000d\000\040\000M\000e\000t\000h\000o\000d\000o\000l\000o\000g\000i\000c\000a\000l\000\040\000I\000m\000p\000l\000i\000c\000a\000t\000i\000o\000n\000s}{section.11.1}% 88
\BOOKMARK [2][-]{subsection.11.1.7}{\376\377\000C\000l\000i\000n\000i\000c\000a\000l\000\040\000M\000e\000a\000n\000i\000n\000g\000\040\000a\000n\000d\000\040\000A\000p\000p\000r\000o\000p\000r\000i\000a\000t\000e\000\040\000U\000s\000e}{section.11.1}% 89
\BOOKMARK [1][-]{section.11.2}{\376\377\000L\000i\000m\000i\000t\000a\000t\000i\000o\000n\000s\000\040\000a\000n\000d\000\040\000T\000h\000r\000e\000a\000t\000s\000\040\000t\000o\000\040\000V\000a\000l\000i\000d\000i\000t\000y}{chapter.11}% 90
\BOOKMARK [2][-]{subsection.11.2.1}{\376\377\000C\000o\000n\000s\000t\000r\000u\000c\000t\000\040\000a\000n\000d\000\040\000M\000e\000a\000s\000u\000r\000e\000m\000e\000n\000t\000\040\000V\000a\000l\000i\000d\000i\000t\000y}{section.11.2}% 91
\BOOKMARK [2][-]{subsection.11.2.2}{\376\377\000C\000a\000u\000s\000a\000l\000\040\000I\000d\000e\000n\000t\000i\000f\000i\000c\000a\000t\000i\000o\000n\000\040\000a\000n\000d\000\040\000E\000s\000t\000i\000m\000a\000n\000d\000\040\000V\000a\000l\000i\000d\000i\000t\000y}{section.11.2}% 92
\BOOKMARK [2][-]{subsection.11.2.3}{\376\377\000S\000t\000a\000t\000i\000s\000t\000i\000c\000a\000l\000,\000\040\000M\000o\000d\000e\000l\000i\000n\000g\000,\000\040\000a\000n\000d\000\040\000S\000u\000p\000p\000o\000r\000t\000\040\000L\000i\000m\000i\000t\000a\000t\000i\000o\000n\000s}{section.11.2}% 93
\BOOKMARK [2][-]{subsection.11.2.4}{\376\377\000E\000x\000t\000e\000r\000n\000a\000l\000\040\000V\000a\000l\000i\000d\000i\000t\000y\000\040\000a\000n\000d\000\040\000G\000e\000n\000e\000r\000a\000l\000i\000z\000a\000b\000i\000l\000i\000t\000y}{section.11.2}% 94
\BOOKMARK [2][-]{subsection.11.2.5}{\376\377\000R\000e\000p\000r\000o\000d\000u\000c\000i\000b\000i\000l\000i\000t\000y\000\040\000a\000n\000d\000\040\000P\000r\000o\000v\000e\000n\000a\000n\000c\000e}{section.11.2}% 95
\BOOKMARK [2][-]{subsection.11.2.6}{\376\377\000L\000L\000M\000-\000A\000s\000s\000i\000s\000t\000e\000d\000\040\000D\000e\000s\000i\000g\000n\000\040\000P\000r\000o\000v\000e\000n\000a\000n\000c\000e}{section.11.2}% 96
\BOOKMARK [2][-]{subsection.11.2.7}{\376\377\000E\000t\000h\000i\000c\000a\000l\000\040\000a\000n\000d\000\040\000C\000l\000i\000n\000i\000c\000a\000l\000-\000D\000e\000p\000l\000o\000y\000m\000e\000n\000t\000\040\000C\000o\000n\000s\000i\000d\000e\000r\000a\000t\000i\000o\000n\000s}{section.11.2}% 97
\BOOKMARK [0][-]{chapter.12}{\376\377\000C\000o\000n\000c\000l\000u\000s\000i\000o\000n\000s\000\040\000a\000n\000d\000\040\000F\000u\000t\000u\000r\000e\000\040\000W\000o\000r\000k}{}% 98
\BOOKMARK [1][-]{section.12.1}{\376\377\000S\000u\000m\000m\000a\000r\000y\000\040\000o\000f\000\040\000t\000h\000e\000\040\000S\000t\000u\000d\000y}{chapter.12}% 99
\BOOKMARK [1][-]{section.12.2}{\376\377\000M\000a\000i\000n\000\040\000F\000i\000n\000d\000i\000n\000g\000s\000\040\000a\000n\000d\000\040\000C\000o\000n\000t\000r\000i\000b\000u\000t\000i\000o\000n\000s}{chapter.12}% 100
\BOOKMARK [1][-]{section.12.3}{\376\377\000L\000i\000m\000i\000t\000a\000t\000i\000o\000n\000s\000\040\000o\000f\000\040\000t\000h\000e\000\040\000C\000o\000n\000c\000l\000u\000s\000i\000o\000n\000s}{chapter.12}% 101
\BOOKMARK [1][-]{section.12.4}{\376\377\000F\000u\000t\000u\000r\000e\000\040\000W\000o\000r\000k}{chapter.12}% 102
\BOOKMARK [1][-]{section.12.5}{\376\377\000C\000l\000o\000s\000i\000n\000g\000\040\000P\000e\000r\000s\000p\000e\000c\000t\000i\000v\000e}{chapter.12}% 103
\BOOKMARK [0][-]{appendix.A}{\376\377\000R\000e\000p\000r\000o\000d\000u\000c\000i\000b\000i\000l\000i\000t\000y\000\040\000a\000n\000d\000\040\000E\000v\000i\000d\000e\000n\000c\000e\000\040\000B\000o\000u\000n\000d\000a\000r\000y}{}% 104
\BOOKMARK [0][-]{appendix*.18}{\376\377\000B\000i\000b\000l\000i\000o\000g\000r\000a\000p\000h\000y}{}% 105
